# JRE version: OpenJDK Runtime Environment (21.0.4) (build 21.0.4+-12508038-b607.1)
# Java VM: OpenJDK 64-Bit Server VM (21.0.4+-12508038-b607.1, mixed mode, tiered, compressed oops, compressed class ptrs, g1 gc, windows-amd64)
GC Precious Log:
 CardTable entry size: 512
 Card Set container configuration: InlinePtr #cards 5 size 8 Array Of Cards #cards 12 size 40 Howl #buckets 4 coarsen threshold 1843 Howl Bitmap #cards 512 size 80 coarsen threshold 460 Card regions per heap region 1 cards per card region 2048
 CPUs: 8 total, 8 available
 Memory: 8050M
 Large Page Support: Disabled
 NUMA Support: Disabled
 Compressed Oops: Enabled (32-bit)
 Heap Region Size: 1M
 Heap Min Capacity: 8M
 Heap Initial Capacity: 126M
 Heap Max Capacity: 2G
 Pre-touch: Disabled
 Parallel Workers: 8
 Concurrent Workers: 2
 Concurrent Refinement Workers: 8
 Periodic GC: Disabled
Heap:
 garbage-first heap   total 384000K, used 324561K [0x0000000080000000, 0x0000000100000000)
  region size 1024K, 102 young (104448K), 16 survivors (16384K)
 Metaspace       used 196414K, committed 199360K, reserved 1245184K
  class space    used 25096K, committed 26624K, reserved 1048576K
GC Heap History (20 events):
Event: 25.348 GC heap before
{Heap before GC invocations=55 (full 0):
 garbage-first heap   total 342016K, used 321191K [0x0000000080000000, 0x0000000100000000)
  region size 1024K, 103 young (105472K), 4 survivors (4096K)
 Metaspace       used 172179K, committed 174912K, reserved 1245184K
  class space    used 22246K, committed 23616K, reserved 1048576K
}
Event: 25.357 GC heap after
{Heap after GC invocations=56 (full 0):
 garbage-first heap   total 342016K, used 220225K [0x0000000080000000, 0x0000000100000000)
  region size 1024K, 13 young (13312K), 13 survivors (13312K)
 Metaspace       used 172179K, committed 174912K, reserved 1245184K
  class space    used 22246K, committed 23616K, reserved 1048576K
}
Event: 26.523 GC heap before
{Heap before GC invocations=56 (full 0):
 garbage-first heap   total 342016K, used 309313K [0x0000000080000000, 0x0000000100000000)
  region size 1024K, 100 young (102400K), 13 survivors (13312K)
 Metaspace       used 172186K, committed 174912K, reserved 1245184K
  class space    used 22247K, committed 23616K, reserved 1048576K
}
Event: 26.532 GC heap after
{Heap after GC invocations=57 (full 0):
 garbage-first heap   total 342016K, used 224904K [0x0000000080000000, 0x0000000100000000)
  region size 1024K, 6 young (6144K), 6 survivors (6144K)
 Metaspace       used 172186K, committed 174912K, reserved 1245184K
  class space    used 22247K, committed 23616K, reserved 1048576K
}
Event: 27.761 GC heap before
{Heap before GC invocations=58 (full 0):
 garbage-first heap   total 368640K, used 312968K [0x0000000080000000, 0x0000000100000000)
  region size 1024K, 96 young (98304K), 6 survivors (6144K)
 Metaspace       used 172186K, committed 174912K, reserved 1245184K
  class space    used 22247K, committed 23616K, reserved 1048576K
}
Event: 27.767 GC heap after
{Heap after GC invocations=59 (full 0):
 garbage-first heap   total 368640K, used 223642K [0x0000000080000000, 0x0000000100000000)
  region size 1024K, 9 young (9216K), 9 survivors (9216K)
 Metaspace       used 172186K, committed 174912K, reserved 1245184K
  class space    used 22247K, committed 23616K, reserved 1048576K
}
Event: 30.170 GC heap before
{Heap before GC invocations=59 (full 0):
 garbage-first heap   total 368640K, used 338330K [0x0000000080000000, 0x0000000100000000)
  region size 1024K, 121 young (123904K), 9 survivors (9216K)
 Metaspace       used 172188K, committed 174912K, reserved 1245184K
  class space    used 22247K, committed 23616K, reserved 1048576K
}
Event: 30.178 GC heap after
{Heap after GC invocations=60 (full 0):
 garbage-first heap   total 368640K, used 216960K [0x0000000080000000, 0x0000000100000000)
  region size 1024K, 13 young (13312K), 13 survivors (13312K)
 Metaspace       used 172188K, committed 174912K, reserved 1245184K
  class space    used 22247K, committed 23616K, reserved 1048576K
}
Event: 31.644 GC heap before
{Heap before GC invocations=60 (full 0):
 garbage-first heap   total 368640K, used 335744K [0x0000000080000000, 0x0000000100000000)
  region size 1024K, 129 young (132096K), 13 survivors (13312K)
 Metaspace       used 172188K, committed 174912K, reserved 1245184K
  class space    used 22247K, committed 23616K, reserved 1048576K
}
Event: 31.653 GC heap after
{Heap after GC invocations=61 (full 0):
 garbage-first heap   total 368640K, used 220794K [0x0000000080000000, 0x0000000100000000)
  region size 1024K, 12 young (12288K), 12 survivors (12288K)
 Metaspace       used 172188K, committed 174912K, reserved 1245184K
  class space    used 22247K, committed 23616K, reserved 1048576K
}
Event: 32.563 GC heap before
{Heap before GC invocations=62 (full 0):
 garbage-first heap   total 370688K, used 335482K [0x0000000080000000, 0x0000000100000000)
  region size 1024K, 124 young (126976K), 12 survivors (12288K)
 Metaspace       used 172188K, committed 174912K, reserved 1245184K
  class space    used 22247K, committed 23616K, reserved 1048576K
}
Event: 32.571 GC heap after
{Heap after GC invocations=63 (full 0):
 garbage-first heap   total 370688K, used 225549K [0x0000000080000000, 0x0000000100000000)
  region size 1024K, 12 young (12288K), 12 survivors (12288K)
 Metaspace       used 172188K, committed 174912K, reserved 1245184K
  class space    used 22247K, committed 23616K, reserved 1048576K
}
Event: 33.691 GC heap before
{Heap before GC invocations=63 (full 0):
 garbage-first heap   total 370688K, used 338189K [0x0000000080000000, 0x0000000100000000)
  region size 1024K, 122 young (124928K), 12 survivors (12288K)
 Metaspace       used 172188K, committed 174912K, reserved 1245184K
  class space    used 22247K, committed 23616K, reserved 1048576K
}
Event: 33.701 GC heap after
{Heap after GC invocations=64 (full 0):
 garbage-first heap   total 370688K, used 224857K [0x0000000080000000, 0x0000000100000000)
  region size 1024K, 11 young (11264K), 11 survivors (11264K)
 Metaspace       used 172188K, committed 174912K, reserved 1245184K
  class space    used 22247K, committed 23616K, reserved 1048576K
}
Event: 34.236 GC heap before
{Heap before GC invocations=64 (full 0):
 garbage-first heap   total 370688K, used 260697K [0x0000000080000000, 0x0000000100000000)
  region size 1024K, 48 young (49152K), 11 survivors (11264K)
 Metaspace       used 172992K, committed 175680K, reserved 1245184K
  class space    used 22311K, committed 23680K, reserved 1048576K
}
Event: 34.243 GC heap after
{Heap after GC invocations=65 (full 0):
 garbage-first heap   total 370688K, used 227043K [0x0000000080000000, 0x0000000100000000)
  region size 1024K, 9 young (9216K), 9 survivors (9216K)
 Metaspace       used 172992K, committed 175680K, reserved 1245184K
  class space    used 22311K, committed 23680K, reserved 1048576K
}
Event: 35.824 GC heap before
{Heap before GC invocations=66 (full 0):
 garbage-first heap   total 384000K, used 345827K [0x0000000080000000, 0x0000000100000000)
  region size 1024K, 119 young (121856K), 9 survivors (9216K)
 Metaspace       used 185641K, committed 188416K, reserved 1245184K
  class space    used 23816K, committed 25216K, reserved 1048576K
}
Event: 35.834 GC heap after
{Heap after GC invocations=67 (full 0):
 garbage-first heap   total 384000K, used 232302K [0x0000000080000000, 0x0000000100000000)
  region size 1024K, 10 young (10240K), 10 survivors (10240K)
 Metaspace       used 185641K, committed 188416K, reserved 1245184K
  class space    used 23816K, committed 25216K, reserved 1048576K
}
Event: 39.372 GC heap before
{Heap before GC invocations=67 (full 0):
 garbage-first heap   total 384000K, used 352110K [0x0000000080000000, 0x0000000100000000)
  region size 1024K, 127 young (130048K), 10 survivors (10240K)
 Metaspace       used 190558K, committed 193344K, reserved 1245184K
  class space    used 24386K, committed 25792K, reserved 1048576K
}
Event: 39.387 GC heap after
{Heap after GC invocations=68 (full 0):
 garbage-first heap   total 384000K, used 237521K [0x0000000080000000, 0x0000000100000000)
  region size 1024K, 16 young (16384K), 16 survivors (16384K)
 Metaspace       used 190558K, committed 193344K, reserved 1245184K
  class space    used 24386K, committed 25792K, reserved 1048576K
}

