# JRE version: OpenJDK Runtime Environment (21.0.4) (build 21.0.4+-12508038-b607.1)
# Java VM: OpenJDK 64-Bit Server VM (21.0.4+-12508038-b607.1, mixed mode, tiered, compressed oops, compressed class ptrs, g1 gc, windows-amd64)
GC Precious Log:
 CardTable entry size: 512
 Card Set container configuration: InlinePtr #cards 5 size 8 Array Of Cards #cards 12 size 40 Howl #buckets 4 coarsen threshold 1843 Howl Bitmap #cards 512 size 80 coarsen threshold 460 Card regions per heap region 1 cards per card region 2048
 CPUs: 8 total, 8 available
 Memory: 8050M
 Large Page Support: Disabled
 NUMA Support: Disabled
 Compressed Oops: Enabled (32-bit)
 Heap Region Size: 1M
 Heap Min Capacity: 8M
 Heap Initial Capacity: 126M
 Heap Max Capacity: 2G
 Pre-touch: Disabled
 Parallel Workers: 8
 Concurrent Workers: 2
 Concurrent Refinement Workers: 8
 Periodic GC: Disabled
Heap:
 garbage-first heap   total 459776K, used 437290K [0x0000000080000000, 0x0000000100000000)
  region size 1024K, 267 young (273408K), 21 survivors (21504K)
 Metaspace       used 178612K, committed 180800K, reserved 1245184K
  class space    used 23626K, committed 24704K, reserved 1048576K
GC Heap History (20 events):
Event: 9782.602 GC heap after
{Heap after GC invocations=129 (full 0):
 garbage-first heap   total 430080K, used 118005K [0x0000000080000000, 0x0000000100000000)
  region size 1024K, 14 young (14336K), 14 survivors (14336K)
 Metaspace       used 158512K, committed 160384K, reserved 1245184K
  class space    used 20671K, committed 21632K, reserved 1048576K
}
Event: 9831.670 GC heap before
{Heap before GC invocations=130 (full 0):
 garbage-first heap   total 430080K, used 423157K [0x0000000080000000, 0x0000000100000000)
  region size 1024K, 252 young (258048K), 14 survivors (14336K)
 Metaspace       used 158569K, committed 160448K, reserved 1245184K
  class space    used 20672K, committed 21632K, reserved 1048576K
}
Event: 9831.684 GC heap after
{Heap after GC invocations=131 (full 0):
 garbage-first heap   total 435200K, used 114996K [0x0000000080000000, 0x0000000100000000)
  region size 1024K, 11 young (11264K), 11 survivors (11264K)
 Metaspace       used 158569K, committed 160448K, reserved 1245184K
  class space    used 20672K, committed 21632K, reserved 1048576K
}
Event: 9952.543 GC heap before
{Heap before GC invocations=131 (full 0):
 garbage-first heap   total 435200K, used 425268K [0x0000000080000000, 0x0000000100000000)
  region size 1024K, 255 young (261120K), 11 survivors (11264K)
 Metaspace       used 158644K, committed 160512K, reserved 1245184K
  class space    used 20675K, committed 21632K, reserved 1048576K
}
Event: 9952.555 GC heap after
{Heap after GC invocations=132 (full 0):
 garbage-first heap   total 435200K, used 108699K [0x0000000080000000, 0x0000000100000000)
  region size 1024K, 5 young (5120K), 5 survivors (5120K)
 Metaspace       used 158644K, committed 160512K, reserved 1245184K
  class space    used 20675K, committed 21632K, reserved 1048576K
}
Event: 9954.444 GC heap before
{Heap before GC invocations=132 (full 0):
 garbage-first heap   total 435200K, used 230555K [0x0000000080000000, 0x0000000100000000)
  region size 1024K, 126 young (129024K), 5 survivors (5120K)
 Metaspace       used 158664K, committed 160512K, reserved 1245184K
  class space    used 20676K, committed 21632K, reserved 1048576K
}
Event: 9954.455 GC heap after
{Heap after GC invocations=133 (full 0):
 garbage-first heap   total 435200K, used 116766K [0x0000000080000000, 0x0000000100000000)
  region size 1024K, 13 young (13312K), 13 survivors (13312K)
 Metaspace       used 158664K, committed 160512K, reserved 1245184K
  class space    used 20676K, committed 21632K, reserved 1048576K
}
Event: 9998.164 GC heap before
{Heap before GC invocations=134 (full 0):
 garbage-first heap   total 435200K, used 424990K [0x0000000080000000, 0x0000000100000000)
  region size 1024K, 255 young (261120K), 13 survivors (13312K)
 Metaspace       used 158712K, committed 160512K, reserved 1245184K
  class space    used 20676K, committed 21632K, reserved 1048576K
}
Event: 9998.175 GC heap after
{Heap after GC invocations=135 (full 0):
 garbage-first heap   total 436224K, used 112170K [0x0000000080000000, 0x0000000100000000)
  region size 1024K, 9 young (9216K), 9 survivors (9216K)
 Metaspace       used 158712K, committed 160512K, reserved 1245184K
  class space    used 20676K, committed 21632K, reserved 1048576K
}
Event: 10060.309 GC heap before
{Heap before GC invocations=135 (full 0):
 garbage-first heap   total 436224K, used 424490K [0x0000000080000000, 0x0000000100000000)
  region size 1024K, 255 young (261120K), 9 survivors (9216K)
 Metaspace       used 158905K, committed 160768K, reserved 1245184K
  class space    used 20717K, committed 21696K, reserved 1048576K
}
Event: 10060.318 GC heap after
{Heap after GC invocations=136 (full 0):
 garbage-first heap   total 436224K, used 105312K [0x0000000080000000, 0x0000000100000000)
  region size 1024K, 3 young (3072K), 3 survivors (3072K)
 Metaspace       used 158905K, committed 160768K, reserved 1245184K
  class space    used 20717K, committed 21696K, reserved 1048576K
}
Event: 10062.045 GC heap before
{Heap before GC invocations=136 (full 0):
 garbage-first heap   total 436224K, used 223072K [0x0000000080000000, 0x0000000100000000)
  region size 1024K, 119 young (121856K), 3 survivors (3072K)
 Metaspace       used 158916K, committed 160832K, reserved 1245184K
  class space    used 20717K, committed 21696K, reserved 1048576K
}
Event: 10062.058 GC heap after
{Heap after GC invocations=137 (full 0):
 garbage-first heap   total 436224K, used 115526K [0x0000000080000000, 0x0000000100000000)
  region size 1024K, 13 young (13312K), 13 survivors (13312K)
 Metaspace       used 158916K, committed 160832K, reserved 1245184K
  class space    used 20717K, committed 21696K, reserved 1048576K
}
Event: 10169.588 GC heap before
{Heap before GC invocations=138 (full 0):
 garbage-first heap   total 436224K, used 393030K [0x0000000080000000, 0x0000000100000000)
  region size 1024K, 255 young (261120K), 13 survivors (13312K)
 Metaspace       used 159009K, committed 160960K, reserved 1245184K
  class space    used 20718K, committed 21696K, reserved 1048576K
}
Event: 10169.604 GC heap after
{Heap after GC invocations=139 (full 0):
 garbage-first heap   total 436224K, used 116602K [0x0000000080000000, 0x0000000100000000)
  region size 1024K, 14 young (14336K), 14 survivors (14336K)
 Metaspace       used 159009K, committed 160960K, reserved 1245184K
  class space    used 20718K, committed 21696K, reserved 1048576K
}
Event: 10193.425 GC heap before
{Heap before GC invocations=139 (full 0):
 garbage-first heap   total 436224K, used 423802K [0x0000000080000000, 0x0000000100000000)
  region size 1024K, 255 young (261120K), 14 survivors (14336K)
 Metaspace       used 159057K, committed 160960K, reserved 1245184K
  class space    used 20718K, committed 21696K, reserved 1048576K
}
Event: 10193.444 GC heap after
{Heap after GC invocations=140 (full 0):
 garbage-first heap   total 442368K, used 115326K [0x0000000080000000, 0x0000000100000000)
  region size 1024K, 13 young (13312K), 13 survivors (13312K)
 Metaspace       used 159057K, committed 160960K, reserved 1245184K
  class space    used 20718K, committed 21696K, reserved 1048576K
}
Event: 10194.163 GC heap before
{Heap before GC invocations=140 (full 0):
 garbage-first heap   total 442368K, used 138878K [0x0000000080000000, 0x0000000100000000)
  region size 1024K, 38 young (38912K), 13 survivors (13312K)
 Metaspace       used 159082K, committed 161024K, reserved 1245184K
  class space    used 20718K, committed 21696K, reserved 1048576K
}
Event: 10194.175 GC heap after
{Heap after GC invocations=141 (full 0):
 garbage-first heap   total 442368K, used 115770K [0x0000000080000000, 0x0000000100000000)
  region size 1024K, 13 young (13312K), 13 survivors (13312K)
 Metaspace       used 159082K, committed 161024K, reserved 1245184K
  class space    used 20718K, committed 21696K, reserved 1048576K
}
Event: 10373.066 GC heap before
{Heap before GC invocations=142 (full 0):
 garbage-first heap   total 442368K, used 436282K [0x0000000080000000, 0x0000000100000000)
  region size 1024K, 259 young (265216K), 13 survivors (13312K)
 Metaspace       used 178612K, committed 180800K, reserved 1245184K
  class space    used 23626K, committed 24704K, reserved 1048576K
}

