# JRE version: OpenJDK Runtime Environment (21.0.4) (build 21.0.4+-12508038-b607.1)
# Java VM: OpenJDK 64-Bit Server VM (21.0.4+-12508038-b607.1, mixed mode, tiered, compressed oops, compressed class ptrs, g1 gc, windows-amd64)
GC Precious Log:
 CardTable entry size: 512
 Card Set container configuration: InlinePtr #cards 5 size 8 Array Of Cards #cards 12 size 40 Howl #buckets 4 coarsen threshold 1843 Howl Bitmap #cards 512 size 80 coarsen threshold 460 Card regions per heap region 1 cards per card region 2048
 CPUs: 8 total, 8 available
 Memory: 8050M
 Large Page Support: Disabled
 NUMA Support: Disabled
 Compressed Oops: Enabled (32-bit)
 Heap Region Size: 1M
 Heap Min Capacity: 8M
 Heap Initial Capacity: 126M
 Heap Max Capacity: 2G
 Pre-touch: Disabled
 Parallel Workers: 8
 Concurrent Workers: 2
 Concurrent Refinement Workers: 8
 Periodic GC: Disabled
Heap:
 garbage-first heap   total 329728K, used 278820K [0x0000000080000000, 0x0000000100000000)
  region size 1024K, 89 young (91136K), 8 survivors (8192K)
 Metaspace       used 139052K, committed 141504K, reserved 1179648K
  class space    used 18492K, committed 19776K, reserved 1048576K
GC Heap History (20 events):
Event: 20.157 GC heap before
{Heap before GC invocations=39 (full 0):
 garbage-first heap   total 273408K, used 246741K [0x0000000080000000, 0x0000000100000000)
  region size 1024K, 93 young (95232K), 11 survivors (11264K)
 Metaspace       used 110662K, committed 112960K, reserved 1179648K
  class space    used 15126K, committed 16256K, reserved 1048576K
}
Event: 20.167 GC heap after
{Heap after GC invocations=40 (full 0):
 garbage-first heap   total 273408K, used 165701K [0x0000000080000000, 0x0000000100000000)
  region size 1024K, 9 young (9216K), 9 survivors (9216K)
 Metaspace       used 110662K, committed 112960K, reserved 1179648K
  class space    used 15126K, committed 16256K, reserved 1048576K
}
Event: 21.864 GC heap before
{Heap before GC invocations=41 (full 0):
 garbage-first heap   total 276480K, used 249669K [0x0000000080000000, 0x0000000100000000)
  region size 1024K, 91 young (93184K), 9 survivors (9216K)
 Metaspace       used 110662K, committed 112960K, reserved 1179648K
  class space    used 15126K, committed 16256K, reserved 1048576K
}
Event: 21.871 GC heap after
{Heap after GC invocations=42 (full 0):
 garbage-first heap   total 276480K, used 169041K [0x0000000080000000, 0x0000000100000000)
  region size 1024K, 10 young (10240K), 10 survivors (10240K)
 Metaspace       used 110662K, committed 112960K, reserved 1179648K
  class space    used 15126K, committed 16256K, reserved 1048576K
}
Event: 23.021 GC heap before
{Heap before GC invocations=42 (full 0):
 garbage-first heap   total 276480K, used 250961K [0x0000000080000000, 0x0000000100000000)
  region size 1024K, 90 young (92160K), 10 survivors (10240K)
 Metaspace       used 110662K, committed 112960K, reserved 1179648K
  class space    used 15126K, committed 16256K, reserved 1048576K
}
Event: 23.030 GC heap after
{Heap after GC invocations=43 (full 0):
 garbage-first heap   total 276480K, used 169919K [0x0000000080000000, 0x0000000100000000)
  region size 1024K, 10 young (10240K), 10 survivors (10240K)
 Metaspace       used 110662K, committed 112960K, reserved 1179648K
  class space    used 15126K, committed 16256K, reserved 1048576K
}
Event: 24.048 GC heap before
{Heap before GC invocations=43 (full 0):
 garbage-first heap   total 276480K, used 250815K [0x0000000080000000, 0x0000000100000000)
  region size 1024K, 89 young (91136K), 10 survivors (10240K)
 Metaspace       used 110662K, committed 112960K, reserved 1179648K
  class space    used 15126K, committed 16256K, reserved 1048576K
}
Event: 24.056 GC heap after
{Heap after GC invocations=44 (full 0):
 garbage-first heap   total 276480K, used 173013K [0x0000000080000000, 0x0000000100000000)
  region size 1024K, 9 young (9216K), 9 survivors (9216K)
 Metaspace       used 110662K, committed 112960K, reserved 1179648K
  class space    used 15126K, committed 16256K, reserved 1048576K
}
Event: 25.059 GC heap before
{Heap before GC invocations=45 (full 0):
 garbage-first heap   total 290816K, used 250837K [0x0000000080000000, 0x0000000100000000)
  region size 1024K, 85 young (87040K), 9 survivors (9216K)
 Metaspace       used 110662K, committed 112960K, reserved 1179648K
  class space    used 15126K, committed 16256K, reserved 1048576K
}
Event: 25.066 GC heap after
{Heap after GC invocations=46 (full 0):
 garbage-first heap   total 290816K, used 175830K [0x0000000080000000, 0x0000000100000000)
  region size 1024K, 9 young (9216K), 9 survivors (9216K)
 Metaspace       used 110662K, committed 112960K, reserved 1179648K
  class space    used 15126K, committed 16256K, reserved 1048576K
}
Event: 26.179 GC heap before
{Heap before GC invocations=46 (full 0):
 garbage-first heap   total 290816K, used 264918K [0x0000000080000000, 0x0000000100000000)
  region size 1024K, 96 young (98304K), 9 survivors (9216K)
 Metaspace       used 110662K, committed 112960K, reserved 1179648K
  class space    used 15126K, committed 16256K, reserved 1048576K
}
Event: 26.196 GC heap after
{Heap after GC invocations=47 (full 0):
 garbage-first heap   total 290816K, used 177531K [0x0000000080000000, 0x0000000100000000)
  region size 1024K, 9 young (9216K), 9 survivors (9216K)
 Metaspace       used 110662K, committed 112960K, reserved 1179648K
  class space    used 15126K, committed 16256K, reserved 1048576K
}
Event: 26.868 GC heap before
{Heap before GC invocations=47 (full 0):
 garbage-first heap   total 290816K, used 220539K [0x0000000080000000, 0x0000000100000000)
  region size 1024K, 53 young (54272K), 9 survivors (9216K)
 Metaspace       used 111499K, committed 113728K, reserved 1179648K
  class space    used 15191K, committed 16320K, reserved 1048576K
}
Event: 26.876 GC heap after
{Heap after GC invocations=48 (full 0):
 garbage-first heap   total 290816K, used 180098K [0x0000000080000000, 0x0000000100000000)
  region size 1024K, 9 young (9216K), 9 survivors (9216K)
 Metaspace       used 111499K, committed 113728K, reserved 1179648K
  class space    used 15191K, committed 16320K, reserved 1048576K
}
Event: 28.323 GC heap before
{Heap before GC invocations=49 (full 0):
 garbage-first heap   total 306176K, used 265090K [0x0000000080000000, 0x0000000100000000)
  region size 1024K, 91 young (93184K), 9 survivors (9216K)
 Metaspace       used 120530K, committed 122816K, reserved 1179648K
  class space    used 16374K, committed 17536K, reserved 1048576K
}
Event: 28.331 GC heap after
{Heap after GC invocations=50 (full 0):
 garbage-first heap   total 306176K, used 183203K [0x0000000080000000, 0x0000000100000000)
  region size 1024K, 8 young (8192K), 8 survivors (8192K)
 Metaspace       used 120530K, committed 122816K, reserved 1179648K
  class space    used 16374K, committed 17536K, reserved 1048576K
}
Event: 32.557 GC heap before
{Heap before GC invocations=50 (full 0):
 garbage-first heap   total 306176K, used 284579K [0x0000000080000000, 0x0000000100000000)
  region size 1024K, 103 young (105472K), 8 survivors (8192K)
 Metaspace       used 131902K, committed 134208K, reserved 1179648K
  class space    used 17595K, committed 18752K, reserved 1048576K
}
Event: 32.576 GC heap after
{Heap after GC invocations=51 (full 0):
 garbage-first heap   total 306176K, used 190301K [0x0000000080000000, 0x0000000100000000)
  region size 1024K, 13 young (13312K), 13 survivors (13312K)
 Metaspace       used 131902K, committed 134208K, reserved 1179648K
  class space    used 17595K, committed 18752K, reserved 1048576K
}
Event: 34.604 GC heap before
{Heap before GC invocations=51 (full 0):
 garbage-first heap   total 306176K, used 275293K [0x0000000080000000, 0x0000000100000000)
  region size 1024K, 97 young (99328K), 13 survivors (13312K)
 Metaspace       used 133332K, committed 135680K, reserved 1179648K
  class space    used 17778K, committed 19008K, reserved 1048576K
}
Event: 34.620 GC heap after
{Heap after GC invocations=52 (full 0):
 garbage-first heap   total 306176K, used 196900K [0x0000000080000000, 0x0000000100000000)
  region size 1024K, 8 young (8192K), 8 survivors (8192K)
 Metaspace       used 133332K, committed 135680K, reserved 1179648K
  class space    used 17778K, committed 19008K, reserved 1048576K
}

