# JRE version: OpenJDK Runtime Environment (21.0.4) (build 21.0.4+-12508038-b607.1)
# Java VM: OpenJDK 64-Bit Server VM (21.0.4+-12508038-b607.1, mixed mode, tiered, compressed oops, compressed class ptrs, g1 gc, windows-amd64)
GC Precious Log:
 CardTable entry size: 512
 Card Set container configuration: InlinePtr #cards 5 size 8 Array Of Cards #cards 12 size 40 Howl #buckets 4 coarsen threshold 1843 Howl Bitmap #cards 512 size 80 coarsen threshold 460 Card regions per heap region 1 cards per card region 2048
 CPUs: 8 total, 8 available
 Memory: 8050M
 Large Page Support: Disabled
 NUMA Support: Disabled
 Compressed Oops: Enabled (32-bit)
 Heap Region Size: 1M
 Heap Min Capacity: 8M
 Heap Initial Capacity: 126M
 Heap Max Capacity: 2G
 Pre-touch: Disabled
 Parallel Workers: 8
 Concurrent Workers: 2
 Concurrent Refinement Workers: 8
 Periodic GC: Disabled
Heap:
 garbage-first heap   total 304128K, used 246351K [0x0000000080000000, 0x0000000100000000)
  region size 1024K, 61 young (62464K), 10 survivors (10240K)
 Metaspace       used 155100K, committed 157632K, reserved 1245184K
  class space    used 19736K, committed 20992K, reserved 1048576K
GC Heap History (20 events):
Event: 14.989 GC heap before
{Heap before GC invocations=41 (full 0):
 garbage-first heap   total 235520K, used 208352K [0x0000000080000000, 0x0000000100000000)
  region size 1024K, 69 young (70656K), 6 survivors (6144K)
 Metaspace       used 105814K, committed 108096K, reserved 1179648K
  class space    used 14219K, committed 15360K, reserved 1048576K
}
Event: 14.996 GC heap after
{Heap after GC invocations=42 (full 0):
 garbage-first heap   total 235520K, used 146312K [0x0000000080000000, 0x0000000100000000)
  region size 1024K, 4 young (4096K), 4 survivors (4096K)
 Metaspace       used 105814K, committed 108096K, reserved 1179648K
  class space    used 14219K, committed 15360K, reserved 1048576K
}
Event: 15.612 GC heap before
{Heap before GC invocations=42 (full 0):
 garbage-first heap   total 235520K, used 182152K [0x0000000080000000, 0x0000000100000000)
  region size 1024K, 40 young (40960K), 4 survivors (4096K)
 Metaspace       used 110377K, committed 112576K, reserved 1179648K
  class space    used 14772K, committed 15872K, reserved 1048576K
}
Event: 15.619 GC heap after
{Heap after GC invocations=43 (full 0):
 garbage-first heap   total 235520K, used 148629K [0x0000000080000000, 0x0000000100000000)
  region size 1024K, 6 young (6144K), 6 survivors (6144K)
 Metaspace       used 110377K, committed 112576K, reserved 1179648K
  class space    used 14772K, committed 15872K, reserved 1048576K
}
Event: 16.325 GC heap before
{Heap before GC invocations=44 (full 0):
 garbage-first heap   total 250880K, used 215189K [0x0000000080000000, 0x0000000100000000)
  region size 1024K, 70 young (71680K), 6 survivors (6144K)
 Metaspace       used 113565K, committed 115776K, reserved 1179648K
  class space    used 15128K, committed 16256K, reserved 1048576K
}
Event: 16.332 GC heap after
{Heap after GC invocations=45 (full 0):
 garbage-first heap   total 250880K, used 151905K [0x0000000080000000, 0x0000000100000000)
  region size 1024K, 6 young (6144K), 6 survivors (6144K)
 Metaspace       used 113565K, committed 115776K, reserved 1179648K
  class space    used 15128K, committed 16256K, reserved 1048576K
}
Event: 17.334 GC heap before
{Heap before GC invocations=45 (full 0):
 garbage-first heap   total 250880K, used 226657K [0x0000000080000000, 0x0000000100000000)
  region size 1024K, 79 young (80896K), 6 survivors (6144K)
 Metaspace       used 123411K, committed 125632K, reserved 1179648K
  class space    used 16112K, committed 17216K, reserved 1048576K
}
Event: 17.342 GC heap after
{Heap after GC invocations=46 (full 0):
 garbage-first heap   total 250880K, used 155206K [0x0000000080000000, 0x0000000100000000)
  region size 1024K, 8 young (8192K), 8 survivors (8192K)
 Metaspace       used 123411K, committed 125632K, reserved 1179648K
  class space    used 16112K, committed 17216K, reserved 1048576K
}
Event: 18.078 GC heap before
{Heap before GC invocations=46 (full 0):
 garbage-first heap   total 250880K, used 208454K [0x0000000080000000, 0x0000000100000000)
  region size 1024K, 61 young (62464K), 8 survivors (8192K)
 Metaspace       used 131657K, committed 133888K, reserved 1179648K
  class space    used 16950K, committed 18048K, reserved 1048576K
}
Event: 18.104 GC heap after
{Heap after GC invocations=47 (full 0):
 garbage-first heap   total 250880K, used 156395K [0x0000000080000000, 0x0000000100000000)
  region size 1024K, 6 young (6144K), 6 survivors (6144K)
 Metaspace       used 131657K, committed 133888K, reserved 1179648K
  class space    used 16950K, committed 18048K, reserved 1048576K
}
Event: 20.003 GC heap before
{Heap before GC invocations=48 (full 0):
 garbage-first heap   total 270336K, used 236267K [0x0000000080000000, 0x0000000100000000)
  region size 1024K, 77 young (78848K), 6 survivors (6144K)
 Metaspace       used 137585K, committed 139904K, reserved 1179648K
  class space    used 17627K, committed 18752K, reserved 1048576K
}
Event: 20.016 GC heap after
{Heap after GC invocations=49 (full 0):
 garbage-first heap   total 270336K, used 168920K [0x0000000080000000, 0x0000000100000000)
  region size 1024K, 8 young (8192K), 8 survivors (8192K)
 Metaspace       used 137585K, committed 139904K, reserved 1179648K
  class space    used 17627K, committed 18752K, reserved 1048576K
}
Event: 22.041 GC heap before
{Heap before GC invocations=49 (full 0):
 garbage-first heap   total 270336K, used 250840K [0x0000000080000000, 0x0000000100000000)
  region size 1024K, 84 young (86016K), 8 survivors (8192K)
 Metaspace       used 144005K, committed 146432K, reserved 1179648K
  class space    used 18506K, committed 19712K, reserved 1048576K
}
Event: 22.059 GC heap after
{Heap after GC invocations=50 (full 0):
 garbage-first heap   total 270336K, used 175046K [0x0000000080000000, 0x0000000100000000)
  region size 1024K, 11 young (11264K), 11 survivors (11264K)
 Metaspace       used 144005K, committed 146432K, reserved 1179648K
  class space    used 18506K, committed 19712K, reserved 1048576K
}
Event: 24.018 GC heap before
{Heap before GC invocations=50 (full 0):
 garbage-first heap   total 270336K, used 244678K [0x0000000080000000, 0x0000000100000000)
  region size 1024K, 79 young (80896K), 11 survivors (11264K)
 Metaspace       used 150217K, committed 152640K, reserved 1245184K
  class space    used 19303K, committed 20544K, reserved 1048576K
}
Event: 24.032 GC heap after
{Heap after GC invocations=51 (full 0):
 garbage-first heap   total 270336K, used 178432K [0x0000000080000000, 0x0000000100000000)
  region size 1024K, 4 young (4096K), 4 survivors (4096K)
 Metaspace       used 150217K, committed 152640K, reserved 1245184K
  class space    used 19303K, committed 20544K, reserved 1048576K
}
Event: 26.141 GC heap before
{Heap before GC invocations=52 (full 0):
 garbage-first heap   total 304128K, used 252160K [0x0000000080000000, 0x0000000100000000)
  region size 1024K, 73 young (74752K), 4 survivors (4096K)
 Metaspace       used 151856K, committed 154304K, reserved 1245184K
  class space    used 19565K, committed 20800K, reserved 1048576K
}
Event: 26.153 GC heap after
{Heap after GC invocations=53 (full 0):
 garbage-first heap   total 304128K, used 189116K [0x0000000080000000, 0x0000000100000000)
  region size 1024K, 10 young (10240K), 10 survivors (10240K)
 Metaspace       used 151856K, committed 154304K, reserved 1245184K
  class space    used 19565K, committed 20800K, reserved 1048576K
}
Event: 27.252 GC heap before
{Heap before GC invocations=53 (full 0):
 garbage-first heap   total 304128K, used 278204K [0x0000000080000000, 0x0000000100000000)
  region size 1024K, 96 young (98304K), 10 survivors (10240K)
 Metaspace       used 152293K, committed 154688K, reserved 1245184K
  class space    used 19582K, committed 20800K, reserved 1048576K
}
Event: 27.268 GC heap after
{Heap after GC invocations=54 (full 0):
 garbage-first heap   total 304128K, used 195151K [0x0000000080000000, 0x0000000100000000)
  region size 1024K, 10 young (10240K), 10 survivors (10240K)
 Metaspace       used 152293K, committed 154688K, reserved 1245184K
  class space    used 19582K, committed 20800K, reserved 1048576K
}

